[debug] [2022-06-22T15:09:17.311Z] ----------------------------------------------------------------------
[debug] [2022-06-22T15:09:17.314Z] Command:       C:\Program Files\nodejs\node.exe C:\Users\dell\AppData\Roaming\npm\node_modules\firebase-tools\lib\bin\firebase.js init
[debug] [2022-06-22T15:09:17.315Z] CLI Version:   11.1.0
[debug] [2022-06-22T15:09:17.315Z] Platform:      win32
[debug] [2022-06-22T15:09:17.315Z] Node Version:  v14.18.0
[debug] [2022-06-22T15:09:17.316Z] Time:          Wed Jun 22 2022 20:39:17 GMT+0530 (India Standard Time)
[debug] [2022-06-22T15:09:17.317Z] ----------------------------------------------------------------------
[debug] 
[debug] [2022-06-22T15:09:17.433Z] > command requires scopes: ["email","openid","https://www.googleapis.com/auth/cloudplatformprojects.readonly","https://www.googleapis.com/auth/firebase","https://www.googleapis.com/auth/cloud-platform"]
[debug] [2022-06-22T15:09:17.433Z] > authorizing via signed-in user (swethaogeti2000@gmail.com)
[info] 
     ######## #### ########  ######## ########     ###     ######  ########
     ##        ##  ##     ## ##       ##     ##  ##   ##  ##       ##
     ######    ##  ########  ######   ########  #########  ######  ######
     ##        ##  ##    ##  ##       ##     ## ##     ##       ## ##
     ##       #### ##     ## ######## ########  ##     ##  ######  ########

You're about to initialize a Firebase project in this directory:

  E:\gmail-clone

Before we get started, keep in mind:

  * You are initializing within an existing Firebase project directory

[info] 
=== Project Setup
[info] 
[info] First, let's associate this project directory with a Firebase project.
[info] You can create multiple project aliases by running firebase use --add, 
[info] but for now we'll just set up a default project.
[info] 
[debug] [2022-06-22T15:09:25.922Z] Using project from CLI flag: clone-783c9
[debug] [2022-06-22T15:09:25.935Z] >>> [apiv2][query] GET https://firebase.googleapis.com/v1beta1/projects/clone-783c9 [none]
[debug] [2022-06-22T15:09:26.462Z] <<< [apiv2][status] GET https://firebase.googleapis.com/v1beta1/projects/clone-783c9 200
[debug] [2022-06-22T15:09:26.463Z] <<< [apiv2][body] GET https://firebase.googleapis.com/v1beta1/projects/clone-783c9 {"projectId":"clone-783c9","projectNumber":"205062130318","displayName":"Gmail-clone","name":"projects/clone-783c9","resources":{"hostingSite":"clone-783c9","storageBucket":"clone-783c9.appspot.com","locationId":"us-central"},"state":"ACTIVE"}
[info] i  Using project clone-783c9 (Gmail-clone) 
[info] 
=== Hosting Setup
[info] 
[info] Your public directory is the folder (relative to your project directory) that
[info] will contain Hosting assets to be uploaded with firebase deploy. If you
[info] have a build process for your assets, use your build's output directory.
[info] 
[debug] [2022-06-22T15:09:37.918Z] >>> [apiv2][query] GET https://www.gstatic.com/firebasejs/releases.json [none]
[debug] [2022-06-22T15:09:38.029Z] <<< [apiv2][status] GET https://www.gstatic.com/firebasejs/releases.json 200
[debug] [2022-06-22T15:09:38.029Z] <<< [apiv2][body] GET https://www.gstatic.com/firebasejs/releases.json {"current":{"version":"9.8.3","browserURL":"https://www.gstatic.com/firebasejs/9.8.3/firebase.js","packageURL":"https://www.gstatic.com/firebasejs/9.8.3/firebase.tgz"},"live":{"version":"9.8","browserURL":"https://www.gstatic.com/firebasejs/live/9.8/firebase.js","packageURL":"https://www.gstatic.com/firebasejs/live/9.8/firebase.tgz"},"components":{"analytics":"https://www.gstatic.com/firebasejs/9.8.3/firebase-analytics.js","app":"https://www.gstatic.com/firebasejs/9.8.3/firebase-app.js","app-check":"https://www.gstatic.com/firebasejs/9.8.3/firebase-app-check.js","auth":"https://www.gstatic.com/firebasejs/9.8.3/firebase-auth.js","auth/cordova":"https://www.gstatic.com/firebasejs/9.8.3/firebase-auth/cordova.js","auth/react-native":"https://www.gstatic.com/firebasejs/9.8.3/firebase-auth/react-native.js","functions":"https://www.gstatic.com/firebasejs/9.8.3/firebase-functions.js","firestore":"https://www.gstatic.com/firebasejs/9.8.3/firebase-firestore.js","firestore/lite":"https://www.gstatic.com/firebasejs/9.8.3/firebase-firestore/lite.js","storage":"https://www.gstatic.com/firebasejs/9.8.3/firebase-storage.js","performance":"https://www.gstatic.com/firebasejs/9.8.3/firebase-performance.js","remote-config":"https://www.gstatic.com/firebasejs/9.8.3/firebase-remote-config.js","messaging":"https://www.gstatic.com/firebasejs/9.8.3/firebase-messaging.js","messaging/sw":"https://www.gstatic.com/firebasejs/9.8.3/firebase-messaging/sw.js","database":"https://www.gstatic.com/firebasejs/9.8.3/firebase-database.js","firestore.memory":"https://www.gstatic.com/firebasejs/9.8.3/firebase-firestore.memory.js"}}
[info] +  Wrote build/index.html 
[info] 
[info] i  Detected a .git folder at E:\gmail-clone 
[info] i  Authorizing with GitHub to upload your service account to a GitHub repository's secrets store. 
[info] 
[info] Visit this URL on this device to log in:
[info] https://github.com/login/oauth/authorize?client_id=89cf50f02ac6aaed3484&state=553055781&redirect_uri=http%3A%2F%2Flocalhost%3A9005&scope=read%3Auser%20repo%20public_repo
[info] 
[info] Waiting for authentication...
[debug] [2022-06-22T15:09:41.138Z] >>> [apiv2][query] POST https://github.com/login/oauth/access_token [none]
[debug] [2022-06-22T15:09:41.139Z] >>> [apiv2][body] POST https://github.com/login/oauth/access_token [stream]
[debug] [2022-06-22T15:09:41.549Z] <<< [apiv2][status] POST https://github.com/login/oauth/access_token 200
[debug] [2022-06-22T15:09:41.550Z] <<< [apiv2][body] POST https://github.com/login/oauth/access_token {"access_token":"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","token_type":"bearer","scope":"read:user,repo"}
[debug] [2022-06-22T15:09:41.585Z] >>> [apiv2][query] GET https://api.github.com/user [none]
[debug] [2022-06-22T15:09:42.006Z] <<< [apiv2][status] GET https://api.github.com/user 200
[debug] [2022-06-22T15:09:42.007Z] <<< [apiv2][body] GET https://api.github.com/user {"login":"swethaogeti","id":65771591,"node_id":"MDQ6VXNlcjY1NzcxNTkx","avatar_url":"https://avatars.githubusercontent.com/u/65771591?v=4","gravatar_id":"","url":"https://api.github.com/users/swethaogeti","html_url":"https://github.com/swethaogeti","followers_url":"https://api.github.com/users/swethaogeti/followers","following_url":"https://api.github.com/users/swethaogeti/following{/other_user}","gists_url":"https://api.github.com/users/swethaogeti/gists{/gist_id}","starred_url":"https://api.github.com/users/swethaogeti/starred{/owner}{/repo}","subscriptions_url":"https://api.github.com/users/swethaogeti/subscriptions","organizations_url":"https://api.github.com/users/swethaogeti/orgs","repos_url":"https://api.github.com/users/swethaogeti/repos","events_url":"https://api.github.com/users/swethaogeti/events{/privacy}","received_events_url":"https://api.github.com/users/swethaogeti/received_events","type":"User","site_admin":false,"name":"swetha_555","company":null,"blog":"","location":null,"email":null,"hireable":null,"bio":null,"twitter_username":null,"public_repos":28,"public_gists":0,"followers":3,"following":0,"created_at":"2020-05-22T13:14:05Z","updated_at":"2022-05-22T16:55:01Z","private_gists":0,"total_private_repos":0,"owned_private_repos":0,"disk_usage":66175,"collaborators":0,"two_factor_authentication":false,"plan":{"name":"pro","space":976562499,"collaborators":0,"private_repos":9999}}
[info] 
[info] +  Success! Logged into GitHub as swethaogeti 
[info] 
[debug] [2022-06-22T15:09:55.705Z] >>> [apiv2][query] GET https://api.github.com/repos//actions/secrets/public-key type=owner
[debug] [2022-06-22T15:09:56.039Z] <<< [apiv2][status] GET https://api.github.com/repos//actions/secrets/public-key 404
[debug] [2022-06-22T15:09:56.040Z] <<< [apiv2][body] GET https://api.github.com/repos//actions/secrets/public-key {"message":"Not Found","documentation_url":"https://docs.github.com/rest"}
[debug] [2022-06-22T15:10:01.847Z] >>> [apiv2][query] GET https://api.github.com/repos//actions/secrets/public-key type=owner
[debug] [2022-06-22T15:10:02.045Z] >>> [apiv2][query] GET https://api.github.com/repos//actions/secrets/public-key type=owner
[debug] [2022-06-22T15:10:02.207Z] <<< [apiv2][status] GET https://api.github.com/repos//actions/secrets/public-key 404
[debug] [2022-06-22T15:10:02.208Z] <<< [apiv2][body] GET https://api.github.com/repos//actions/secrets/public-key {"message":"Not Found","documentation_url":"https://docs.github.com/rest"}
[debug] [2022-06-22T15:10:02.518Z] <<< [apiv2][status] GET https://api.github.com/repos//actions/secrets/public-key 404
[debug] [2022-06-22T15:10:02.519Z] <<< [apiv2][body] GET https://api.github.com/repos//actions/secrets/public-key {"message":"Not Found","documentation_url":"https://docs.github.com/rest"}
[debug] [2022-06-22T15:10:04.589Z] >>> [apiv2][query] GET https://api.github.com/repos/kljlksdjf/actions/secrets/public-key type=owner
[debug] [2022-06-22T15:10:04.942Z] <<< [apiv2][status] GET https://api.github.com/repos/kljlksdjf/actions/secrets/public-key 404
[debug] [2022-06-22T15:10:04.943Z] <<< [apiv2][body] GET https://api.github.com/repos/kljlksdjf/actions/secrets/public-key {"message":"Not Found","documentation_url":"https://docs.github.com/rest"}
[debug] [2022-06-22T15:10:06.120Z] >>> [apiv2][query] GET https://api.github.com/repos/kljlksdjf/actions/secrets/public-key type=owner
[debug] [2022-06-22T15:10:06.495Z] <<< [apiv2][status] GET https://api.github.com/repos/kljlksdjf/actions/secrets/public-key 404
[debug] [2022-06-22T15:10:06.496Z] <<< [apiv2][body] GET https://api.github.com/repos/kljlksdjf/actions/secrets/public-key {"message":"Not Found","documentation_url":"https://docs.github.com/rest"}
[debug] [2022-06-22T15:10:08.450Z] >>> [apiv2][query] GET https://api.github.com/repos/kljlksdjf/f;kjsdf/actions/secrets/public-key type=owner
[debug] [2022-06-22T15:10:08.829Z] <<< [apiv2][status] GET https://api.github.com/repos/kljlksdjf/f;kjsdf/actions/secrets/public-key 404
[debug] [2022-06-22T15:10:08.830Z] <<< [apiv2][body] GET https://api.github.com/repos/kljlksdjf/f;kjsdf/actions/secrets/public-key {"message":"Not Found","documentation_url":"https://docs.github.com/rest/reference/actions#get-a-repository-public-key"}
[debug] [2022-06-22T15:10:10.730Z] >>> [apiv2][query] GET https://api.github.com/repos/kljlksdjf/f;kjsdf/actions/secrets/public-key type=owner
[debug] [2022-06-22T15:10:11.103Z] <<< [apiv2][status] GET https://api.github.com/repos/kljlksdjf/f;kjsdf/actions/secrets/public-key 404
[debug] [2022-06-22T15:10:11.103Z] <<< [apiv2][body] GET https://api.github.com/repos/kljlksdjf/f;kjsdf/actions/secrets/public-key {"message":"Not Found","documentation_url":"https://docs.github.com/rest/reference/actions#get-a-repository-public-key"}
